Arguments: 
  /home/adam/.nvm/versions/node/v7.0.0/bin/node /home/adam/.yarn/bin/yarn.js

PATH: 
  /home/adam/.nvm/versions/node/v7.0.0/bin:~/.composer/vendor/bin:/usr/local/heroku/bin:~/.composer/vendor/bin:/usr/local/heroku/bin:/home/adam/bin:/usr/local/sbin:/usr/local/bin:/usr/sbin:/usr/bin:/sbin:/bin:/usr/games:/usr/local/games:/usr/lib/jvm/java-7-oracle/bin:/usr/lib/jvm/java-7-oracle/db/bin:/usr/lib/jvm/java-7-oracle/jre/bin:/usr/lib/jvm/java-7-oracle/bin:/usr/lib/jvm/java-7-oracle/db/bin:/usr/lib/jvm/java-7-oracle/jre/bin:/usr/lib/jvm/java-8-openjdk-amd64/bin:/home/adam/.yarn/bin:/usr/lib/jvm/java-8-openjdk-amd64/bin:/home/adam/.yarn/bin

Yarn version: 
  0.16.1

Node version: 
  7.0.0

Platform: 
  linux x64

npm manifest: 
  {
    "name": "laravel5.3-angular2",
    "version": "1.0.0",
    "private": true,
    "scripts": {
      "prod": "gulp --production",
      "dev": "gulp watch",
      "start": "tsc && concurrently \"npm run tsc:w\" \"npm run lite\" ",
      "lite": "lite-server",
      "postinstall": "typings install",
      "tsc": "tsc",
      "tsc:w": "tsc -w",
      "typings": "typings"
    },
    "license": "ISC",
    "dependencies": {
  
      "@angular/common": "~2.1.1",
      "@angular/compiler": "~2.1.1",
      "@angular/core": "~2.1.1",
      "@angular/forms": "~2.1.1",
      "@angular/http": "~2.1.1",
      "@angular/platform-browser": "~2.1.1",
      "@angular/platform-browser-dynamic": "~2.1.1",
      "@angular/router": "~3.1.1",
      "angular2-notifications": "^0.4.4",
      "@angular/upgrade": "~2.1.1",
      "angular2-in-memory-web-api": "0.0.20",
      "bootstrap": "^3.3.6",
      "core-js": "^2.4.1",
      "elixir-typescript": "^2.0.0",
      "reflect-metadata": "^0.1.3",
      "rxjs": "5.0.0-beta.12",
      "systemjs": "0.19.27",
      "zone.js": "^0.6.23"
    },
    "devDependencies": {
      "bootstrap-sass": "^3.3.7",
      "gulp": "^3.9.1",
      "jquery": "^3.1.0",
      "laravel-elixir": "^6.0.0-9",
      "laravel-elixir-vue": "^0.1.4",
      "laravel-elixir-webpack-official": "^1.0.2",
      "lodash": "^4.14.0",
      "vue": "^1.0.26",
      "vue-resource": "^0.9.3",
      "elixir-typescript": "2.0.0",
      "concurrently": "^2.2.0",
      "lite-server": "^2.2.2",
      "typescript": "^2.0.2",
      "typings": "^1.3.2"
    }
  }

yarn manifest: 
  No manifest

bower manifest: 
  No manifest

Lockfile: 
  No lockfile

Trace: 
  Error: EACCES: permission denied, mkdir '/var/www/ratings-pro/node_modules/accord/node_modules/async'
